Nov 29, 2022 1:04:03 PM com.google.cloud.datastore.emulator.firestore.websocket.WebSocketServer start
INFO: Started WebSocket server on ws://127.0.0.1:9150
API endpoint: http://127.0.0.1:8080
If you are using a library that supports the FIRESTORE_EMULATOR_HOST environment variable, run:

   export FIRESTORE_EMULATOR_HOST=127.0.0.1:8080

Dev App Server is now running.

Nov 29, 2022 1:04:35 PM io.gapi.emulators.netty.HttpVersionRoutingHandler channelRead
INFO: Detected non-HTTP/2 connection.
Nov 29, 2022 1:04:35 PM io.gapi.emulators.netty.HttpVersionRoutingHandler channelRead
INFO: Detected non-HTTP/2 connection.
Multiple projectIds are not recommended in single project mode. Requested project ID healthcare-staging-81e75, but the emulator is configured for healthcare-f57e8. This warning will become an error in the future. To opt-out of single project mode add/set the '"single_project_mode": false' property in the firebase.json emulators config.
Multiple projectIds are not recommended in single project mode. Requested project ID healthcare-staging-81e75, but the emulator is configured for healthcare-f57e8. This warning will become an error in the future. To opt-out of single project mode add/set the '"single_project_mode": false' property in the firebase.json emulators config.
Nov 29, 2022 1:04:35 PM io.gapi.emulators.netty.HttpVersionRoutingHandler channelRead
INFO: Detected non-HTTP/2 connection.
Nov 29, 2022 1:04:35 PM io.gapi.emulators.netty.HttpVersionRoutingHandler channelRead
INFO: Detected non-HTTP/2 connection.
Nov 29, 2022 1:04:36 PM io.gapi.emulators.netty.HttpVersionRoutingHandler channelRead
INFO: Detected non-HTTP/2 connection.
Nov 29, 2022 1:04:36 PM io.gapi.emulators.netty.HttpVersionRoutingHandler channelRead
INFO: Detected non-HTTP/2 connection.
Nov 29, 2022 1:04:36 PM io.gapi.emulators.netty.HttpVersionRoutingHandler channelRead
INFO: Detected non-HTTP/2 connection.
Nov 29, 2022 1:04:36 PM io.gapi.emulators.netty.HttpVersionRoutingHandler channelRead
INFO: Detected non-HTTP/2 connection.
Nov 29, 2022 1:04:36 PM io.gapi.emulators.netty.HttpVersionRoutingHandler channelRead
INFO: Detected non-HTTP/2 connection.
Nov 29, 2022 1:04:36 PM io.gapi.emulators.netty.HttpVersionRoutingHandler channelRead
INFO: Detected non-HTTP/2 connection.
Nov 29, 2022 1:04:36 PM com.google.cloud.datastore.emulator.firestore.webchannel.FirestoreV1WebChannelAdapter$FirestoreListenHandler onClose
INFO: channel closed
Multiple projectIds are not recommended in single project mode. Requested project ID healthcare-staging-81e75, but the emulator is configured for healthcare-f57e8. This warning will become an error in the future. To opt-out of single project mode add/set the '"single_project_mode": false' property in the firebase.json emulators config.
Multiple projectIds are not recommended in single project mode. Requested project ID healthcare-staging-81e75, but the emulator is configured for healthcare-f57e8. This warning will become an error in the future. To opt-out of single project mode add/set the '"single_project_mode": false' property in the firebase.json emulators config.
Nov 29, 2022 1:04:36 PM com.google.cloud.datastore.emulator.firestore.webchannel.FirestoreV1WebChannelAdapter$FirestoreWriteHandler onClose
INFO: channel closed
Nov 29, 2022 1:04:36 PM io.gapi.emulators.netty.HttpVersionRoutingHandler channelRead
INFO: Detected non-HTTP/2 connection.
Nov 29, 2022 1:04:36 PM io.gapi.emulators.netty.HttpVersionRoutingHandler channelRead
INFO: Detected non-HTTP/2 connection.
Nov 29, 2022 1:04:36 PM io.gapi.emulators.netty.HttpVersionRoutingHandler channelRead
INFO: Detected non-HTTP/2 connection.
Nov 29, 2022 1:04:36 PM io.gapi.emulators.netty.HttpVersionRoutingHandler channelRead
INFO: Detected non-HTTP/2 connection.
Nov 29, 2022 1:04:36 PM io.gapi.emulators.netty.HttpVersionRoutingHandler channelRead
INFO: Detected non-HTTP/2 connection.
Nov 29, 2022 1:04:36 PM com.google.cloud.datastore.emulator.impl.util.WrappedStreamObserver onError
INFO: operation failed: entity already exists: app: "dev~healthcare-staging-81e75"
path <
  Element {
    type: "profiles"
    name: "gnfNIuQZR8hUWbEdzYbf"
  }
>

com.google.cloud.datastore.core.exception.DatastoreException: entity already exists: app: "dev~healthcare-staging-81e75"
path <
  Element {
    type: "profiles"
    name: "gnfNIuQZR8hUWbEdzYbf"
  }
>

	at com.google.cloud.datastore.core.exception.DatastoreException.withProblem(DatastoreException.java:184)
	at com.google.cloud.datastore.emulator.impl.util.FirestoreEmulatorConverters.alreadyExists(FirestoreEmulatorConverters.java:570)
	at com.google.cloud.datastore.emulator.impl.util.FirestoreEmulatorConverters.checkMutation(FirestoreEmulatorConverters.java:179)
	at com.google.cloud.datastore.emulator.impl.CloudFirestoreV1.commitHelper(CloudFirestoreV1.java:993)
	at com.google.cloud.datastore.emulator.impl.CloudFirestoreV1.internalCommit(CloudFirestoreV1.java:894)
	at com.google.cloud.datastore.emulator.impl.CloudFirestoreV1.internalCommit(CloudFirestoreV1.java:877)
	at com.google.cloud.datastore.emulator.impl.CloudFirestoreV1.write(CloudFirestoreV1.java:866)
	at com.google.cloud.datastore.emulator.impl.CloudFirestoreV1WriteStream.handleRequest(CloudFirestoreV1WriteStream.java:208)
	at com.google.cloud.datastore.emulator.impl.CloudFirestoreV1WriteStream.write(CloudFirestoreV1WriteStream.java:136)
	at com.google.cloud.datastore.emulator.impl.CloudFirestoreV1WriteStream.onNext(CloudFirestoreV1WriteStream.java:92)
	at com.google.cloud.datastore.emulator.impl.CloudFirestoreV1WriteStream.onNext(CloudFirestoreV1WriteStream.java:25)
	at com.google.cloud.datastore.emulator.firestore.webchannel.FirestoreV1WebChannelAdapter$FirestoreWriteHandler.onMessage(FirestoreV1WebChannelAdapter.java:140)
	at com.google.cloud.datastore.emulator.firestore.webchannel.FirestoreV1WebChannelAdapter$FirestoreWriteHandler.onMessage(FirestoreV1WebChannelAdapter.java:110)
	at com.google.net.webchannel.server.v8.ChannelInternalImpl.onMessage(ChannelInternalImpl.java:525)
	at com.google.net.webchannel.server.v8.ForwardChannel.deliverMessage(ForwardChannel.java:114)
	at com.google.net.webchannel.server.v8.ForwardChannel.processPendingRequest(ForwardChannel.java:93)
	at com.google.net.webchannel.server.v8.ForwardChannel.consume(ForwardChannel.java:67)
	at com.google.net.webchannel.server.v8.ForwardChannel.add(ForwardChannel.java:60)
	at com.google.net.webchannel.server.v8.ChannelInternalImpl.handleRequestBody(ChannelInternalImpl.java:290)
	at com.google.net.webchannel.server.v8.ChannelInternalImpl.processSessionRequest(ChannelInternalImpl.java:357)
	at com.google.net.webchannel.server.v8.ChannelInternalImpl.handle(ChannelInternalImpl.java:172)
	at com.google.net.webchannel.server.v8.ChannelInternalImpl.consume(ChannelInternalImpl.java:91)
	at com.google.net.webchannel.server.common.ChannelProcessor.run(ChannelProcessor.java:86)

Nov 29, 2022 1:04:36 PM io.gapi.emulators.netty.HttpVersionRoutingHandler channelRead
INFO: Detected non-HTTP/2 connection.
Nov 29, 2022 1:04:36 PM io.gapi.emulators.netty.HttpVersionRoutingHandler channelRead
INFO: Detected non-HTTP/2 connection.
Nov 29, 2022 1:04:36 PM com.google.cloud.datastore.emulator.firestore.webchannel.FirestoreV1WebChannelAdapter$FirestoreWriteHandler onClose
INFO: channel closed
Nov 29, 2022 1:05:36 PM io.gapi.emulators.netty.HttpVersionRoutingHandler channelRead
INFO: Detected non-HTTP/2 connection.
Nov 29, 2022 1:05:37 PM io.gapi.emulators.netty.HttpVersionRoutingHandler channelRead
INFO: Detected non-HTTP/2 connection.
Nov 29, 2022 1:05:37 PM com.google.cloud.datastore.emulator.firestore.webchannel.FirestoreV1WebChannelAdapter$FirestoreListenHandler onClose
INFO: channel closed
Nov 29, 2022 1:05:44 PM io.gapi.emulators.netty.HttpVersionRoutingHandler channelRead
INFO: Detected non-HTTP/2 connection.
Multiple projectIds are not recommended in single project mode. Requested project ID healthcare-staging-81e75, but the emulator is configured for healthcare-f57e8. This warning will become an error in the future. To opt-out of single project mode add/set the '"single_project_mode": false' property in the firebase.json emulators config.
Nov 29, 2022 1:05:44 PM io.gapi.emulators.netty.HttpVersionRoutingHandler channelRead
INFO: Detected non-HTTP/2 connection.
Nov 29, 2022 1:05:44 PM io.gapi.emulators.netty.HttpVersionRoutingHandler channelRead
INFO: Detected non-HTTP/2 connection.
Nov 29, 2022 1:05:44 PM io.gapi.emulators.netty.HttpVersionRoutingHandler channelRead
INFO: Detected non-HTTP/2 connection.
Nov 29, 2022 1:05:44 PM io.gapi.emulators.netty.HttpVersionRoutingHandler channelRead
INFO: Detected non-HTTP/2 connection.
Nov 29, 2022 1:05:44 PM io.gapi.emulators.netty.HttpVersionRoutingHandler channelRead
INFO: Detected non-HTTP/2 connection.
Nov 29, 2022 1:05:44 PM com.google.cloud.datastore.emulator.firestore.webchannel.FirestoreV1WebChannelAdapter$FirestoreListenHandler onClose
INFO: channel closed
Multiple projectIds are not recommended in single project mode. Requested project ID healthcare-staging-81e75, but the emulator is configured for healthcare-f57e8. This warning will become an error in the future. To opt-out of single project mode add/set the '"single_project_mode": false' property in the firebase.json emulators config.
Nov 29, 2022 1:05:44 PM io.gapi.emulators.netty.HttpVersionRoutingHandler channelRead
INFO: Detected non-HTTP/2 connection.
Nov 29, 2022 1:05:44 PM io.gapi.emulators.netty.HttpVersionRoutingHandler channelRead
INFO: Detected non-HTTP/2 connection.
Nov 29, 2022 1:05:45 PM io.gapi.emulators.netty.HttpVersionRoutingHandler channelRead
INFO: Detected non-HTTP/2 connection.
Nov 29, 2022 1:05:45 PM com.google.cloud.datastore.emulator.firestore.webchannel.FirestoreV1WebChannelAdapter$FirestoreListenHandler onClose
INFO: channel closed
Nov 29, 2022 1:11:03 PM io.gapi.emulators.netty.HttpVersionRoutingHandler channelRead
INFO: Detected non-HTTP/2 connection.
Multiple projectIds are not recommended in single project mode. Requested project ID healthcare-staging-81e75, but the emulator is configured for healthcare-f57e8. This warning will become an error in the future. To opt-out of single project mode add/set the '"single_project_mode": false' property in the firebase.json emulators config.
Nov 29, 2022 1:11:03 PM io.gapi.emulators.netty.HttpVersionRoutingHandler channelRead
INFO: Detected non-HTTP/2 connection.
Nov 29, 2022 1:11:03 PM io.gapi.emulators.netty.HttpVersionRoutingHandler channelRead
INFO: Detected non-HTTP/2 connection.
Nov 29, 2022 1:11:03 PM io.gapi.emulators.netty.HttpVersionRoutingHandler channelRead
INFO: Detected non-HTTP/2 connection.
Nov 29, 2022 1:11:03 PM io.gapi.emulators.netty.HttpVersionRoutingHandler channelRead
INFO: Detected non-HTTP/2 connection.
Nov 29, 2022 1:11:03 PM io.gapi.emulators.netty.HttpVersionRoutingHandler channelRead
INFO: Detected non-HTTP/2 connection.
Nov 29, 2022 1:11:05 PM io.gapi.emulators.netty.HttpVersionRoutingHandler channelRead
INFO: Detected non-HTTP/2 connection.
Nov 29, 2022 1:11:05 PM com.google.cloud.datastore.emulator.firestore.webchannel.FirestoreV1WebChannelAdapter$FirestoreListenHandler onClose
INFO: channel closed
Nov 29, 2022 1:12:39 PM io.gapi.emulators.netty.HttpVersionRoutingHandler channelRead
INFO: Detected non-HTTP/2 connection.
Multiple projectIds are not recommended in single project mode. Requested project ID healthcare-staging-81e75, but the emulator is configured for healthcare-f57e8. This warning will become an error in the future. To opt-out of single project mode add/set the '"single_project_mode": false' property in the firebase.json emulators config.
Nov 29, 2022 1:12:39 PM io.gapi.emulators.netty.HttpVersionRoutingHandler channelRead
INFO: Detected non-HTTP/2 connection.
Nov 29, 2022 1:12:39 PM io.gapi.emulators.netty.HttpVersionRoutingHandler channelRead
INFO: Detected non-HTTP/2 connection.
Nov 29, 2022 1:12:39 PM io.gapi.emulators.netty.HttpVersionRoutingHandler channelRead
INFO: Detected non-HTTP/2 connection.
Nov 29, 2022 1:12:39 PM io.gapi.emulators.netty.HttpVersionRoutingHandler channelRead
INFO: Detected non-HTTP/2 connection.
Nov 29, 2022 1:12:40 PM io.gapi.emulators.netty.HttpVersionRoutingHandler channelRead
INFO: Detected non-HTTP/2 connection.
Nov 29, 2022 1:12:40 PM com.google.cloud.datastore.emulator.firestore.webchannel.FirestoreV1WebChannelAdapter$FirestoreListenHandler onClose
INFO: channel closed
