[debug] [2022-11-29T18:03:57.790Z] ----------------------------------------------------------------------
[debug] [2022-11-29T18:03:57.792Z] Command:       /Users/mattpinchover/.nvm/versions/node/v16.17.1/bin/node /Users/mattpinchover/.nvm/versions/node/v16.17.1/bin/firebase emulators:start
[debug] [2022-11-29T18:03:57.793Z] CLI Version:   11.15.0
[debug] [2022-11-29T18:03:57.793Z] Platform:      darwin
[debug] [2022-11-29T18:03:57.793Z] Node Version:  v16.17.1
[debug] [2022-11-29T18:03:57.799Z] Time:          Tue Nov 29 2022 13:03:57 GMT-0500 (Eastern Standard Time)
[debug] [2022-11-29T18:03:57.800Z] ----------------------------------------------------------------------
[debug] 
[debug] [2022-11-29T18:03:57.869Z] > command requires scopes: ["email","openid","https://www.googleapis.com/auth/cloudplatformprojects.readonly","https://www.googleapis.com/auth/firebase","https://www.googleapis.com/auth/cloud-platform"]
[debug] [2022-11-29T18:03:57.869Z] > authorizing via signed-in user (mpinchover@gmail.com)
[debug] [2022-11-29T18:03:58.602Z] java version "16.0.2" 2021-07-20

[debug] [2022-11-29T18:03:58.604Z] Java(TM) SE Runtime Environment (build 16.0.2+7-67)
Java HotSpot(TM) 64-Bit Server VM (build 16.0.2+7-67, mixed mode, sharing)

[debug] [2022-11-29T18:03:58.612Z] Parsed Java major version: 16
[info] i  emulators: Starting emulators: auth, functions, firestore, hosting, storage {"metadata":{"emulator":{"name":"hub"},"message":"Starting emulators: auth, functions, firestore, hosting, storage"}}
[debug] [2022-11-29T18:04:00.000Z] [logging] Logging Emulator only supports listening on one address (127.0.0.1). Not listening on ::1
[debug] [2022-11-29T18:04:00.001Z] [auth] Authentication Emulator only supports listening on one address (127.0.0.1). Not listening on ::1
[debug] [2022-11-29T18:04:00.001Z] [firestore] Firestore Emulator only supports listening on one address (127.0.0.1). Not listening on ::1
[debug] [2022-11-29T18:04:00.001Z] [firestore.websocket] websocket server for firestore only supports listening on one address (127.0.0.1). Not listening on ::1
[debug] [2022-11-29T18:04:00.001Z] [hosting] Hosting Emulator only supports listening on one address (127.0.0.1). Not listening on ::1
[debug] [2022-11-29T18:04:00.001Z] [storage] Storage Emulator only supports listening on one address (127.0.0.1). Not listening on ::1
[debug] [2022-11-29T18:04:00.002Z] assigned listening specs for emulators {"user":{"hub":[{"address":"127.0.0.1","family":"IPv4","port":4400},{"address":"::1","family":"IPv6","port":4400}],"ui":[{"address":"127.0.0.1","family":"IPv4","port":4000},{"address":"::1","family":"IPv6","port":4000}],"logging":[{"address":"127.0.0.1","family":"IPv4","port":4500}],"auth":[{"address":"127.0.0.1","family":"IPv4","port":9099}],"firestore":[{"address":"127.0.0.1","family":"IPv4","port":8080}],"firestore.websocket":[{"address":"127.0.0.1","family":"IPv4","port":9150}],"hosting":[{"address":"127.0.0.1","family":"IPv4","port":5002}],"storage":[{"address":"127.0.0.1","family":"IPv4","port":9199}]},"metadata":{"message":"assigned listening specs for emulators"}}
[debug] [2022-11-29T18:04:00.009Z] [hub] writing locator at /var/folders/y0/mwqm16zn7xn8l8ldt11qjpf00000gn/T/hub-healthcare-f57e8.json
[debug] [2022-11-29T18:04:00.414Z] [functions] Functions Emulator only supports listening on one address (127.0.0.1). Not listening on ::1
[debug] [2022-11-29T18:04:00.415Z] [eventarc] Eventarc Emulator only supports listening on one address (127.0.0.1). Not listening on ::1
[debug] [2022-11-29T18:04:00.415Z] late-assigned ports for functions and eventarc emulators {"user":{"hub":[{"address":"127.0.0.1","family":"IPv4","port":4400},{"address":"::1","family":"IPv6","port":4400}],"ui":[{"address":"127.0.0.1","family":"IPv4","port":4000},{"address":"::1","family":"IPv6","port":4000}],"logging":[{"address":"127.0.0.1","family":"IPv4","port":4500}],"auth":[{"address":"127.0.0.1","family":"IPv4","port":9099}],"firestore":[{"address":"127.0.0.1","family":"IPv4","port":8080}],"firestore.websocket":[{"address":"127.0.0.1","family":"IPv4","port":9150}],"hosting":[{"address":"127.0.0.1","family":"IPv4","port":5002}],"storage":[{"address":"127.0.0.1","family":"IPv4","port":9199}],"functions":[{"address":"127.0.0.1","family":"IPv4","port":5001}],"eventarc":[{"address":"127.0.0.1","family":"IPv4","port":9299}]},"metadata":{"message":"late-assigned ports for functions and eventarc emulators"}}
[warn] ⚠  functions: The following emulators are not running, calls to these services from the Functions emulator will affect production: database, pubsub {"metadata":{"emulator":{"name":"functions"},"message":"The following emulators are not running, calls to these services from the Functions emulator will affect production: \u001b[1mdatabase, pubsub\u001b[22m"}}
[info] ✔  functions: Using node@16 from host. {"metadata":{"emulator":{"name":"functions"},"message":"Using node@16 from host."}}
[debug] [2022-11-29T18:04:00.430Z] defaultcredentials: writing to file /Users/mattpinchover/.config/firebase/mpinchover_gmail_com_application_default_credentials.json
[debug] [2022-11-29T18:04:00.434Z] Setting GAC to /Users/mattpinchover/.config/firebase/mpinchover_gmail_com_application_default_credentials.json {"metadata":{"emulator":{"name":"functions"},"message":"Setting GAC to /Users/mattpinchover/.config/firebase/mpinchover_gmail_com_application_default_credentials.json"}}
[debug] [2022-11-29T18:04:00.436Z] > refreshing access token with scopes: []
[debug] [2022-11-29T18:04:00.438Z] >>> [apiv2][query] POST https://www.googleapis.com/oauth2/v3/token [none]
[debug] [2022-11-29T18:04:00.438Z] >>> [apiv2][body] POST https://www.googleapis.com/oauth2/v3/token [omitted]
[debug] [2022-11-29T18:04:00.650Z] <<< [apiv2][status] POST https://www.googleapis.com/oauth2/v3/token 200
[debug] [2022-11-29T18:04:00.650Z] <<< [apiv2][body] POST https://www.googleapis.com/oauth2/v3/token [omitted]
[debug] [2022-11-29T18:04:00.698Z] >>> [apiv2][query] GET https://firebase.googleapis.com/v1beta1/projects/healthcare-f57e8/adminSdkConfig [none]
[debug] [2022-11-29T18:04:01.006Z] <<< [apiv2][status] GET https://firebase.googleapis.com/v1beta1/projects/healthcare-f57e8/adminSdkConfig 200
[debug] [2022-11-29T18:04:01.007Z] <<< [apiv2][body] GET https://firebase.googleapis.com/v1beta1/projects/healthcare-f57e8/adminSdkConfig {"projectId":"healthcare-f57e8","storageBucket":"healthcare-f57e8.appspot.com","locationId":"us-central"}
[debug] [2022-11-29T18:04:01.067Z] Ignoring unsupported arg: auto_download {"metadata":{"emulator":{"name":"firestore"},"message":"Ignoring unsupported arg: auto_download"}}
[debug] [2022-11-29T18:04:01.067Z] Ignoring unsupported arg: single_project_mode_error {"metadata":{"emulator":{"name":"firestore"},"message":"Ignoring unsupported arg: single_project_mode_error"}}
[debug] [2022-11-29T18:04:01.067Z] Starting Firestore Emulator with command {"binary":"java","args":["-Dgoogle.cloud_firestore.debug_log_level=FINE","-Duser.language=en","-jar","/Users/mattpinchover/.cache/firebase/emulators/cloud-firestore-emulator-v1.15.1.jar","--host","127.0.0.1","--port",8080,"--websocket_port",9150,"--project_id","healthcare-f57e8","--rules","/Users/mattpinchover/Documents/code/projects/healthcare/healthcare-web/firestore.rules","--single_project_mode",true,"--functions_emulator","127.0.0.1:5001"],"optionalArgs":["port","webchannel_port","host","rules","websocket_port","functions_emulator","seed_from_export","project_id","single_project_mode"],"joinArgs":false} {"metadata":{"emulator":{"name":"firestore"},"message":"Starting Firestore Emulator with command {\"binary\":\"java\",\"args\":[\"-Dgoogle.cloud_firestore.debug_log_level=FINE\",\"-Duser.language=en\",\"-jar\",\"/Users/mattpinchover/.cache/firebase/emulators/cloud-firestore-emulator-v1.15.1.jar\",\"--host\",\"127.0.0.1\",\"--port\",8080,\"--websocket_port\",9150,\"--project_id\",\"healthcare-f57e8\",\"--rules\",\"/Users/mattpinchover/Documents/code/projects/healthcare/healthcare-web/firestore.rules\",\"--single_project_mode\",true,\"--functions_emulator\",\"127.0.0.1:5001\"],\"optionalArgs\":[\"port\",\"webchannel_port\",\"host\",\"rules\",\"websocket_port\",\"functions_emulator\",\"seed_from_export\",\"project_id\",\"single_project_mode\"],\"joinArgs\":false}"}}
[info] i  firestore: Firestore Emulator logging to firestore-debug.log {"metadata":{"emulator":{"name":"firestore"},"message":"Firestore Emulator logging to \u001b[1mfirestore-debug.log\u001b[22m"}}
[debug] [2022-11-29T18:04:03.442Z] Nov 29, 2022 1:04:03 PM com.google.cloud.datastore.emulator.firestore.websocket.WebSocketServer start
INFO: Started WebSocket server on ws://127.0.0.1:9150
 {"metadata":{"emulator":{"name":"firestore"},"message":"Nov 29, 2022 1:04:03 PM com.google.cloud.datastore.emulator.firestore.websocket.WebSocketServer start\nINFO: Started WebSocket server on ws://127.0.0.1:9150\n"}}
[debug] [2022-11-29T18:04:03.475Z] API endpoint: http://127.0.0.1:8080 {"metadata":{"emulator":{"name":"firestore"},"message":"API endpoint: http://127.0.0.1:8080"}}
[debug] [2022-11-29T18:04:03.476Z] 
If you are using a library that supports the FIRESTORE_EMULATOR_HOST environment variable, run:

   export FIRESTORE_EMULATOR_HOST=127.0.0.1:8080

Dev App Server is now running.

 {"metadata":{"emulator":{"name":"firestore"},"message":"\nIf you are using a library that supports the FIRESTORE_EMULATOR_HOST environment variable, run:\n\n   export FIRESTORE_EMULATOR_HOST=127.0.0.1:8080\n\nDev App Server is now running.\n\n"}}
[info] ✔  firestore: Firestore Emulator UI websocket is running on 9150. {"metadata":{"emulator":{"name":"firestore"},"message":"Firestore Emulator UI websocket is running on 9150."}}
[debug] [2022-11-29T18:04:10.992Z] Ignoring unsupported arg: port {"metadata":{"emulator":{"name":"storage"},"message":"Ignoring unsupported arg: port"}}
[debug] [2022-11-29T18:04:12.124Z] Temp file directory for storage emulator: /var/folders/y0/mwqm16zn7xn8l8ldt11qjpf00000gn/T/firebase/storage/blobs {"metadata":{"emulator":{"name":"storage"},"message":"Temp file directory for storage emulator: /var/folders/y0/mwqm16zn7xn8l8ldt11qjpf00000gn/T/firebase/storage/blobs"}}
[debug] [2022-11-29T18:04:12.129Z] >>> [apiv2][query] GET https://firebasehosting.googleapis.com/v1beta1/projects/healthcare-f57e8/sites 
[debug] [2022-11-29T18:04:12.622Z] <<< [apiv2][status] GET https://firebasehosting.googleapis.com/v1beta1/projects/healthcare-f57e8/sites 200
[debug] [2022-11-29T18:04:12.622Z] <<< [apiv2][body] GET https://firebasehosting.googleapis.com/v1beta1/projects/healthcare-f57e8/sites {"sites":[{"name":"projects/healthcare-f57e8/sites/healthcare-f57e8","defaultUrl":"https://healthcare-f57e8.web.app","type":"DEFAULT_SITE"}]}
[debug] [2022-11-29T18:04:12.622Z] >>> [apiv2][query] GET https://firebase.googleapis.com/v1beta1/projects/healthcare-f57e8/webApps/-/config [none]
[debug] [2022-11-29T18:04:12.976Z] <<< [apiv2][status] GET https://firebase.googleapis.com/v1beta1/projects/healthcare-f57e8/webApps/-/config 200
[debug] [2022-11-29T18:04:12.977Z] <<< [apiv2][body] GET https://firebase.googleapis.com/v1beta1/projects/healthcare-f57e8/webApps/-/config {"projectId":"healthcare-f57e8","appId":"1:774435420948:web:2d58330489014aa6f72001","storageBucket":"healthcare-f57e8.appspot.com","locationId":"us-central","apiKey":"AIzaSyCKYEihtV2w2vshH1eKENrB-GXF0ujrg00","authDomain":"healthcare-f57e8.firebaseapp.com","messagingSenderId":"774435420948","measurementId":"G-830V5H69VT"}
[debug] [2022-11-29T18:04:13.006Z] >>> [apiv2][query] GET https://firebase.googleapis.com/v1beta1/projects/healthcare-f57e8 [none]
[debug] [2022-11-29T18:04:13.207Z] <<< [apiv2][status] GET https://firebase.googleapis.com/v1beta1/projects/healthcare-f57e8 200
[debug] [2022-11-29T18:04:13.207Z] <<< [apiv2][body] GET https://firebase.googleapis.com/v1beta1/projects/healthcare-f57e8 {"projectId":"healthcare-f57e8","projectNumber":"774435420948","displayName":"healthcare","name":"projects/healthcare-f57e8","resources":{"hostingSite":"healthcare-f57e8","storageBucket":"healthcare-f57e8.appspot.com","locationId":"us-central"},"state":"ACTIVE","etag":"1_a202e6da-dcc6-4905-8db8-0e2e8f195125"}
[info] i  hosting[healthcare-f57e8]: Serving hosting files from: build {"metadata":{"emulator":{"name":"hosting"},"message":"Serving hosting files from: \u001b[1mbuild\u001b[22m"}}
[info] ✔  hosting[healthcare-f57e8]: Local server: http://127.0.0.1:5002 {"metadata":{"emulator":{"name":"hosting"},"message":"Local server: \u001b[4m\u001b[1mhttp://127.0.0.1:5002\u001b[22m\u001b[24m"}}
[debug] [2022-11-29T18:04:13.329Z] Ignoring unsupported arg: auto_download {"metadata":{"emulator":{"name":"ui"},"message":"Ignoring unsupported arg: auto_download"}}
[debug] [2022-11-29T18:04:13.330Z] Ignoring unsupported arg: port {"metadata":{"emulator":{"name":"ui"},"message":"Ignoring unsupported arg: port"}}
[debug] [2022-11-29T18:04:13.330Z] Starting Emulator UI with command {"binary":"node","args":["/Users/mattpinchover/.cache/firebase/emulators/ui-v1.11.1/server/server.js"],"optionalArgs":[],"joinArgs":false} {"metadata":{"emulator":{"name":"ui"},"message":"Starting Emulator UI with command {\"binary\":\"node\",\"args\":[\"/Users/mattpinchover/.cache/firebase/emulators/ui-v1.11.1/server/server.js\"],\"optionalArgs\":[],\"joinArgs\":false}"}}
[info] i  ui: Emulator UI logging to ui-debug.log {"metadata":{"emulator":{"name":"ui"},"message":"Emulator UI logging to \u001b[1mui-debug.log\u001b[22m"}}
[debug] [2022-11-29T18:04:13.469Z] Web / API server started at 127.0.0.1:4000
 {"metadata":{"emulator":{"name":"ui"},"message":"Web / API server started at 127.0.0.1:4000\n"}}
[debug] [2022-11-29T18:04:13.469Z] Web / API server started at ::1:4000
 {"metadata":{"emulator":{"name":"ui"},"message":"Web / API server started at ::1:4000\n"}}
[info] i  functions: Watching "/Users/mattpinchover/Documents/code/projects/healthcare/healthcare-web/functions" for Cloud Functions... {"metadata":{"emulator":{"name":"functions"},"message":"Watching \"/Users/mattpinchover/Documents/code/projects/healthcare/healthcare-web/functions\" for Cloud Functions..."}}
[debug] [2022-11-29T18:04:13.598Z] Validating nodejs source
[warn] ⚠  functions: package.json indicates an outdated version of firebase-functions. Please upgrade using npm install --save firebase-functions@latest in your functions directory. 
[warn] ⚠  functions: Please note that there will be breaking changes when you upgrade. 
[debug] [2022-11-29T18:04:15.477Z] > [functions] package.json contents: {
  "name": "functions",
  "description": "Cloud Functions for Firebase",
  "scripts": {
    "serve": "firebase emulators:start --only functions",
    "shell": "firebase functions:shell",
    "start": "npm run shell",
    "deploy": "firebase deploy --only functions",
    "logs": "firebase functions:log",
    "test": "mocha tests/**/*.test.js"
  },
  "engines": {
    "node": "16"
  },
  "main": "index.js",
  "dependencies": {
    "@google-cloud/firestore": "6.4.1",
    "axios": "^1.1.3",
    "dotenv": "^16.0.3",
    "firebase-admin": "^10.3.0",
    "firebase-functions": "^3.18.0",
    "jwt-decode": "^3.1.2",
    "nodemailer": "^6.8.0",
    "express": "^4.18.2",
    "cors": "^2.8.5",
    "chai": "^4.3.6",
    "firebase-functions-test": "^0.2.0"
  },
  "devDependencies": {},
  "private": true
}
[debug] [2022-11-29T18:04:15.478Z] Building nodejs source
[debug] [2022-11-29T18:04:15.478Z] Analyzing nodejs backend spec
[debug] [2022-11-29T18:04:15.481Z] Could not find functions.yaml. Must use http discovery
[debug] [2022-11-29T18:04:15.713Z] Serving at port 9005

[debug] [2022-11-29T18:04:15.850Z] Got response from /__/functions.yaml {"endpoints":{"app":{"platform":"gcfv1","httpsTrigger":{},"entryPoint":"app"}},"specVersion":"v1alpha1","requiredAPIs":[]}
[debug] [2022-11-29T18:04:15.858Z] shutdown requested via /__/quitquitquit

[info] ✔  functions: Loaded functions definitions from source: app. {"metadata":{"emulator":{"name":"functions"},"message":"Loaded functions definitions from source: app."}}
[info] ✔  functions[us-central1-app]: http function initialized (http://127.0.0.1:5001/healthcare-f57e8/us-central1/app). {"metadata":{"emulator":{"name":"functions"},"message":"\u001b[1mhttp\u001b[22m function initialized (http://127.0.0.1:5001/healthcare-f57e8/us-central1/app)."}}
[info] 
┌─────────────────────────────────────────────────────────────┐
│ ✔  All emulators ready! It is now safe to connect your app. │
│ i  View Emulator UI at http://127.0.0.1:4000/               │
└─────────────────────────────────────────────────────────────┘

┌────────────────┬────────────────┬─────────────────────────────────┐
│ Emulator       │ Host:Port      │ View in Emulator UI             │
├────────────────┼────────────────┼─────────────────────────────────┤
│ Authentication │ 127.0.0.1:9099 │ http://127.0.0.1:4000/auth      │
├────────────────┼────────────────┼─────────────────────────────────┤
│ Functions      │ 127.0.0.1:5001 │ http://127.0.0.1:4000/functions │
├────────────────┼────────────────┼─────────────────────────────────┤
│ Firestore      │ 127.0.0.1:8080 │ http://127.0.0.1:4000/firestore │
├────────────────┼────────────────┼─────────────────────────────────┤
│ Hosting        │ 127.0.0.1:5002 │ n/a                             │
├────────────────┼────────────────┼─────────────────────────────────┤
│ Storage        │ 127.0.0.1:9199 │ http://127.0.0.1:4000/storage   │
└────────────────┴────────────────┴─────────────────────────────────┘
  Emulator Hub running at 127.0.0.1:4400
  Other reserved ports: 4500, 9150

Issues? Report them at https://github.com/firebase/firebase-tools/issues and attach the *-debug.log files.
 
[debug] [2022-11-29T18:04:35.040Z] >>> [apiv2][query] POST http://127.0.0.1:5001/functions/projects/healthcare-f57e8/trigger_multicast [none]
[debug] [2022-11-29T18:04:35.040Z] >>> [apiv2][body] POST http://127.0.0.1:5001/functions/projects/healthcare-f57e8/trigger_multicast {"eventId":"8835a881-d1ca-4d6e-b83f-2b1d3d8554d7","eventType":"providers/firebase.auth/eventTypes/user.create","resource":{"name":"projects/healthcare-f57e8","service":"firebaseauth.googleapis.com"},"params":{},"timestamp":"2022-11-29T18:04:35.040Z","data":{"uid":"uj9nDVoUrrOXpFfQUTpmTaQlvrLs","email":"deon@gmail.com","emailVerified":false,"metadata":{"creationTime":"2022-11-29T18:04:35.037Z","lastSignInTime":"2022-11-29T18:04:35.037Z"},"customClaims":{},"providerData":[{"providerId":"password","email":"deon@gmail.com","federatedId":"deon@gmail.com","rawId":"deon@gmail.com"}]}}
[debug] [2022-11-29T18:04:35.052Z] <<< [apiv2][status] POST http://127.0.0.1:5001/functions/projects/healthcare-f57e8/trigger_multicast 200
[debug] [2022-11-29T18:04:35.052Z] <<< [apiv2][body] POST http://127.0.0.1:5001/functions/projects/healthcare-f57e8/trigger_multicast {"status":"multicast_acknowledged"}
[debug] [2022-11-29T18:04:35.097Z] Nov 29, 2022 1:04:35 PM io.gapi.emulators.netty.HttpVersionRoutingHandler channelRead
INFO: Detected non-HTTP/2 connection.
 {"metadata":{"emulator":{"name":"firestore"},"message":"Nov 29, 2022 1:04:35 PM io.gapi.emulators.netty.HttpVersionRoutingHandler channelRead\nINFO: Detected non-HTTP/2 connection.\n"}}
[debug] [2022-11-29T18:04:35.099Z] Nov 29, 2022 1:04:35 PM io.gapi.emulators.netty.HttpVersionRoutingHandler channelRead
INFO: Detected non-HTTP/2 connection.
 {"metadata":{"emulator":{"name":"firestore"},"message":"Nov 29, 2022 1:04:35 PM io.gapi.emulators.netty.HttpVersionRoutingHandler channelRead\nINFO: Detected non-HTTP/2 connection.\n"}}
[debug] [2022-11-29T18:04:35.247Z] Multiple projectIds are not recommended in single project mode. Requested project ID healthcare-staging-81e75, but the emulator is configured for healthcare-f57e8. This warning will become an error in the future. To opt-out of single project mode add/set the '"single_project_mode": false' property in the firebase.json emulators config.
 {"metadata":{"emulator":{"name":"firestore"},"message":"Multiple projectIds are not recommended in single project mode. Requested project ID healthcare-staging-81e75, but the emulator is configured for healthcare-f57e8. This warning will become an error in the future. To opt-out of single project mode add/set the '\"single_project_mode\": false' property in the firebase.json emulators config.\n"}}
[debug] [2022-11-29T18:04:35.779Z] Multiple projectIds are not recommended in single project mode. Requested project ID healthcare-staging-81e75, but the emulator is configured for healthcare-f57e8. This warning will become an error in the future. To opt-out of single project mode add/set the '"single_project_mode": false' property in the firebase.json emulators config.
 {"metadata":{"emulator":{"name":"firestore"},"message":"Multiple projectIds are not recommended in single project mode. Requested project ID healthcare-staging-81e75, but the emulator is configured for healthcare-f57e8. This warning will become an error in the future. To opt-out of single project mode add/set the '\"single_project_mode\": false' property in the firebase.json emulators config.\n"}}
[debug] [2022-11-29T18:04:35.909Z] Nov 29, 2022 1:04:35 PM io.gapi.emulators.netty.HttpVersionRoutingHandler channelRead
INFO: Detected non-HTTP/2 connection.
 {"metadata":{"emulator":{"name":"firestore"},"message":"Nov 29, 2022 1:04:35 PM io.gapi.emulators.netty.HttpVersionRoutingHandler channelRead\nINFO: Detected non-HTTP/2 connection.\n"}}
[debug] [2022-11-29T18:04:35.929Z] Nov 29, 2022 1:04:35 PM io.gapi.emulators.netty.HttpVersionRoutingHandler channelRead
INFO: Detected non-HTTP/2 connection.
 {"metadata":{"emulator":{"name":"firestore"},"message":"Nov 29, 2022 1:04:35 PM io.gapi.emulators.netty.HttpVersionRoutingHandler channelRead\nINFO: Detected non-HTTP/2 connection.\n"}}
[debug] [2022-11-29T18:04:36.244Z] Nov 29, 2022 1:04:36 PM io.gapi.emulators.netty.HttpVersionRoutingHandler channelRead
INFO: Detected non-HTTP/2 connection.
 {"metadata":{"emulator":{"name":"firestore"},"message":"Nov 29, 2022 1:04:36 PM io.gapi.emulators.netty.HttpVersionRoutingHandler channelRead\nINFO: Detected non-HTTP/2 connection.\n"}}
[debug] [2022-11-29T18:04:36.277Z] Nov 29, 2022 1:04:36 PM io.gapi.emulators.netty.HttpVersionRoutingHandler channelRead
INFO: Detected non-HTTP/2 connection.
 {"metadata":{"emulator":{"name":"firestore"},"message":"Nov 29, 2022 1:04:36 PM io.gapi.emulators.netty.HttpVersionRoutingHandler channelRead\nINFO: Detected non-HTTP/2 connection.\n"}}
[debug] [2022-11-29T18:04:36.325Z] Nov 29, 2022 1:04:36 PM io.gapi.emulators.netty.HttpVersionRoutingHandler channelRead
INFO: Detected non-HTTP/2 connection.
 {"metadata":{"emulator":{"name":"firestore"},"message":"Nov 29, 2022 1:04:36 PM io.gapi.emulators.netty.HttpVersionRoutingHandler channelRead\nINFO: Detected non-HTTP/2 connection.\n"}}
[debug] [2022-11-29T18:04:36.329Z] Nov 29, 2022 1:04:36 PM io.gapi.emulators.netty.HttpVersionRoutingHandler channelRead
INFO: Detected non-HTTP/2 connection.
 {"metadata":{"emulator":{"name":"firestore"},"message":"Nov 29, 2022 1:04:36 PM io.gapi.emulators.netty.HttpVersionRoutingHandler channelRead\nINFO: Detected non-HTTP/2 connection.\n"}}
[debug] [2022-11-29T18:04:36.329Z] Nov 29, 2022 1:04:36 PM io.gapi.emulators.netty.HttpVersionRoutingHandler channelRead
INFO: Detected non-HTTP/2 connection.
 {"metadata":{"emulator":{"name":"firestore"},"message":"Nov 29, 2022 1:04:36 PM io.gapi.emulators.netty.HttpVersionRoutingHandler channelRead\nINFO: Detected non-HTTP/2 connection.\n"}}
[debug] [2022-11-29T18:04:36.329Z] Nov 29, 2022 1:04:36 PM io.gapi.emulators.netty.HttpVersionRoutingHandler channelRead
INFO: Detected non-HTTP/2 connection.
 {"metadata":{"emulator":{"name":"firestore"},"message":"Nov 29, 2022 1:04:36 PM io.gapi.emulators.netty.HttpVersionRoutingHandler channelRead\nINFO: Detected non-HTTP/2 connection.\n"}}
[debug] [2022-11-29T18:04:36.335Z] Nov 29, 2022 1:04:36 PM com.google.cloud.datastore.emulator.firestore.webchannel.FirestoreV1WebChannelAdapter$FirestoreListenHandler onClose
INFO: channel closed
 {"metadata":{"emulator":{"name":"firestore"},"message":"Nov 29, 2022 1:04:36 PM com.google.cloud.datastore.emulator.firestore.webchannel.FirestoreV1WebChannelAdapter$FirestoreListenHandler onClose\nINFO: channel closed\n"}}
[debug] [2022-11-29T18:04:36.337Z] Multiple projectIds are not recommended in single project mode. Requested project ID healthcare-staging-81e75, but the emulator is configured for healthcare-f57e8. This warning will become an error in the future. To opt-out of single project mode add/set the '"single_project_mode": false' property in the firebase.json emulators config.
 {"metadata":{"emulator":{"name":"firestore"},"message":"Multiple projectIds are not recommended in single project mode. Requested project ID healthcare-staging-81e75, but the emulator is configured for healthcare-f57e8. This warning will become an error in the future. To opt-out of single project mode add/set the '\"single_project_mode\": false' property in the firebase.json emulators config.\n"}}
[debug] [2022-11-29T18:04:36.339Z] Multiple projectIds are not recommended in single project mode. Requested project ID healthcare-staging-81e75, but the emulator is configured for healthcare-f57e8. This warning will become an error in the future. To opt-out of single project mode add/set the '"single_project_mode": false' property in the firebase.json emulators config.
 {"metadata":{"emulator":{"name":"firestore"},"message":"Multiple projectIds are not recommended in single project mode. Requested project ID healthcare-staging-81e75, but the emulator is configured for healthcare-f57e8. This warning will become an error in the future. To opt-out of single project mode add/set the '\"single_project_mode\": false' property in the firebase.json emulators config.\n"}}
[debug] [2022-11-29T18:04:36.342Z] Nov 29, 2022 1:04:36 PM com.google.cloud.datastore.emulator.firestore.webchannel.FirestoreV1WebChannelAdapter$FirestoreWriteHandler onClose
INFO: channel closed
 {"metadata":{"emulator":{"name":"firestore"},"message":"Nov 29, 2022 1:04:36 PM com.google.cloud.datastore.emulator.firestore.webchannel.FirestoreV1WebChannelAdapter$FirestoreWriteHandler onClose\nINFO: channel closed\n"}}
[debug] [2022-11-29T18:04:36.362Z] Nov 29, 2022 1:04:36 PM io.gapi.emulators.netty.HttpVersionRoutingHandler channelRead
INFO: Detected non-HTTP/2 connection.
 {"metadata":{"emulator":{"name":"firestore"},"message":"Nov 29, 2022 1:04:36 PM io.gapi.emulators.netty.HttpVersionRoutingHandler channelRead\nINFO: Detected non-HTTP/2 connection.\n"}}
[debug] [2022-11-29T18:04:36.368Z] Nov 29, 2022 1:04:36 PM io.gapi.emulators.netty.HttpVersionRoutingHandler channelRead
INFO: Detected non-HTTP/2 connection.
 {"metadata":{"emulator":{"name":"firestore"},"message":"Nov 29, 2022 1:04:36 PM io.gapi.emulators.netty.HttpVersionRoutingHandler channelRead\nINFO: Detected non-HTTP/2 connection.\n"}}
[debug] [2022-11-29T18:04:36.369Z] Nov 29, 2022 1:04:36 PM io.gapi.emulators.netty.HttpVersionRoutingHandler channelRead
INFO: Detected non-HTTP/2 connection.
 {"metadata":{"emulator":{"name":"firestore"},"message":"Nov 29, 2022 1:04:36 PM io.gapi.emulators.netty.HttpVersionRoutingHandler channelRead\nINFO: Detected non-HTTP/2 connection.\n"}}
[debug] [2022-11-29T18:04:36.381Z] Nov 29, 2022 1:04:36 PM io.gapi.emulators.netty.HttpVersionRoutingHandler channelRead
INFO: Detected non-HTTP/2 connection.
 {"metadata":{"emulator":{"name":"firestore"},"message":"Nov 29, 2022 1:04:36 PM io.gapi.emulators.netty.HttpVersionRoutingHandler channelRead\nINFO: Detected non-HTTP/2 connection.\n"}}
[debug] [2022-11-29T18:04:36.401Z] Nov 29, 2022 1:04:36 PM io.gapi.emulators.netty.HttpVersionRoutingHandler channelRead
INFO: Detected non-HTTP/2 connection.
 {"metadata":{"emulator":{"name":"firestore"},"message":"Nov 29, 2022 1:04:36 PM io.gapi.emulators.netty.HttpVersionRoutingHandler channelRead\nINFO: Detected non-HTTP/2 connection.\n"}}
[debug] [2022-11-29T18:04:36.412Z] Nov 29, 2022 1:04:36 PM com.google.cloud.datastore.emulator.impl.util.WrappedStreamObserver onError
INFO: operation failed: entity already exists: app: "dev~healthcare-staging-81e75"
path <
  Element {
    type: "profiles"
    name: "gnfNIuQZR8hUWbEdzYbf"
  }
>

com.google.cloud.datastore.core.exception.DatastoreException: entity already exists: app: "dev~healthcare-staging-81e75"
path <
  Element {
    type: "profiles"
    name: "gnfNIuQZR8hUWbEdzYbf"
  }
>

	at com.google.cloud.datastore.core.exception.DatastoreException.withProblem(DatastoreException.java:184)
	at com.google.cloud.datastore.emulator.impl.util.FirestoreEmulatorConverters.alreadyExists(FirestoreEmulatorConverters.java:570)
	at com.google.cloud.datastore.emulator.impl.util.FirestoreEmulatorConverters.checkMutation(FirestoreEmulatorConverters.java:179)
	at com.google.cloud.datastore.emulator.impl.CloudFirestoreV1.commitHelper(CloudFirestoreV1.java:993)
	at com.google.cloud.datastore.emulator.impl.CloudFirestoreV1.internalCommit(CloudFirestoreV1.java:894)
	at com.google.cloud.datastore.emulator.impl.CloudFirestoreV1.internalCommit(CloudFirestoreV1.java:877)
	at com.google.cloud.datastore.emulator.impl.CloudFirestoreV1.write(CloudFirestoreV1.java:866)
	at com.google.cloud.datastore.emulator.impl.CloudFirestoreV1WriteStream.handleRequest(CloudFirestoreV1WriteStream.java:208)
	at com.google.cloud.datastore.emulator.impl.CloudFirestoreV1WriteStream.write(CloudFirestoreV1WriteStream.java:136)
	at com.google.cloud.datastore.emulator.impl.CloudFirestoreV1WriteStream.onNext(CloudFirestoreV1WriteStream.java:92)
	at com.google.cloud.datastore.emulator.impl.CloudFirestoreV1WriteStream.onNext(CloudFirestoreV1WriteStream.java:25)
	at com.google.cloud.datastore.emulator.firestore.webchannel.FirestoreV1WebChannelAdapter$FirestoreWriteHandler.onMessage(FirestoreV1WebChannelAdapter.java:140)
	at com.google.cloud.datastore.emulator.firestore.webchannel.FirestoreV1WebChannelAdapter$FirestoreWriteHandler.onMessage(FirestoreV1WebChannelAdapter.java:110)
	at com.google.net.webchannel.server.v8.ChannelInternalImpl.onMessage(ChannelInternalImpl.java:525)
	at com.google.net.webchannel.server.v8.ForwardChannel.deliverMessage(ForwardChannel.java:114)
	at com.google.net.webchannel.server.v8.ForwardChannel.processPendingRequest(ForwardChannel.java:93)
	at com.google.net.webchannel.server.v8.ForwardChannel.consume(ForwardChannel.java:67)
	at com.google.net.webchannel.server.v8.ForwardChannel.add(ForwardChannel.java:60)
	at com.google.net.webchannel.server.v8.ChannelInternalImpl.handleRequestBody(ChannelInternalImpl.java:290)
	at com.google.net.webchannel.server.v8.ChannelInternalImpl.processSessionRequest(ChannelInternalImpl.java:357)
	at com.google.net.webchannel.server.v8.ChannelInternalImpl.handle(ChannelInternalImpl.java:172)
	at com.google.net.webchannel.server.v8.ChannelInternalImpl.consume(ChannelInternalImpl.java:91)
	at com.google.net.webchannel.server.common.ChannelProcessor.run(ChannelProcessor.java:86)

 {"metadata":{"emulator":{"name":"firestore"},"message":"Nov 29, 2022 1:04:36 PM com.google.cloud.datastore.emulator.impl.util.WrappedStreamObserver onError\nINFO: operation failed: entity already exists: app: \"dev~healthcare-staging-81e75\"\npath <\n  Element {\n    type: \"profiles\"\n    name: \"gnfNIuQZR8hUWbEdzYbf\"\n  }\n>\n\ncom.google.cloud.datastore.core.exception.DatastoreException: entity already exists: app: \"dev~healthcare-staging-81e75\"\npath <\n  Element {\n    type: \"profiles\"\n    name: \"gnfNIuQZR8hUWbEdzYbf\"\n  }\n>\n\n\tat com.google.cloud.datastore.core.exception.DatastoreException.withProblem(DatastoreException.java:184)\n\tat com.google.cloud.datastore.emulator.impl.util.FirestoreEmulatorConverters.alreadyExists(FirestoreEmulatorConverters.java:570)\n\tat com.google.cloud.datastore.emulator.impl.util.FirestoreEmulatorConverters.checkMutation(FirestoreEmulatorConverters.java:179)\n\tat com.google.cloud.datastore.emulator.impl.CloudFirestoreV1.commitHelper(CloudFirestoreV1.java:993)\n\tat com.google.cloud.datastore.emulator.impl.CloudFirestoreV1.internalCommit(CloudFirestoreV1.java:894)\n\tat com.google.cloud.datastore.emulator.impl.CloudFirestoreV1.internalCommit(CloudFirestoreV1.java:877)\n\tat com.google.cloud.datastore.emulator.impl.CloudFirestoreV1.write(CloudFirestoreV1.java:866)\n\tat com.google.cloud.datastore.emulator.impl.CloudFirestoreV1WriteStream.handleRequest(CloudFirestoreV1WriteStream.java:208)\n\tat com.google.cloud.datastore.emulator.impl.CloudFirestoreV1WriteStream.write(CloudFirestoreV1WriteStream.java:136)\n\tat com.google.cloud.datastore.emulator.impl.CloudFirestoreV1WriteStream.onNext(CloudFirestoreV1WriteStream.java:92)\n\tat com.google.cloud.datastore.emulator.impl.CloudFirestoreV1WriteStream.onNext(CloudFirestoreV1WriteStream.java:25)\n\tat com.google.cloud.datastore.emulator.firestore.webchannel.FirestoreV1WebChannelAdapter$FirestoreWriteHandler.onMessage(FirestoreV1WebChannelAdapter.java:140)\n\tat com.google.cloud.datastore.emulator.firestore.webchannel.FirestoreV1WebChannelAdapter$FirestoreWriteHandler.onMessage(FirestoreV1WebChannelAdapter.java:110)\n\tat com.google.net.webchannel.server.v8.ChannelInternalImpl.onMessage(ChannelInternalImpl.java:525)\n\tat com.google.net.webchannel.server.v8.ForwardChannel.deliverMessage(ForwardChannel.java:114)\n\tat com.google.net.webchannel.server.v8.ForwardChannel.processPendingRequest(ForwardChannel.java:93)\n\tat com.google.net.webchannel.server.v8.ForwardChannel.consume(ForwardChannel.java:67)\n\tat com.google.net.webchannel.server.v8.ForwardChannel.add(ForwardChannel.java:60)\n\tat com.google.net.webchannel.server.v8.ChannelInternalImpl.handleRequestBody(ChannelInternalImpl.java:290)\n\tat com.google.net.webchannel.server.v8.ChannelInternalImpl.processSessionRequest(ChannelInternalImpl.java:357)\n\tat com.google.net.webchannel.server.v8.ChannelInternalImpl.handle(ChannelInternalImpl.java:172)\n\tat com.google.net.webchannel.server.v8.ChannelInternalImpl.consume(ChannelInternalImpl.java:91)\n\tat com.google.net.webchannel.server.common.ChannelProcessor.run(ChannelProcessor.java:86)\n\n"}}
[debug] [2022-11-29T18:04:36.426Z] Nov 29, 2022 1:04:36 PM io.gapi.emulators.netty.HttpVersionRoutingHandler channelRead
INFO: Detected non-HTTP/2 connection.
 {"metadata":{"emulator":{"name":"firestore"},"message":"Nov 29, 2022 1:04:36 PM io.gapi.emulators.netty.HttpVersionRoutingHandler channelRead\nINFO: Detected non-HTTP/2 connection.\n"}}
[debug] [2022-11-29T18:04:36.430Z] Nov 29, 2022 1:04:36 PM io.gapi.emulators.netty.HttpVersionRoutingHandler channelRead
INFO: Detected non-HTTP/2 connection.
 {"metadata":{"emulator":{"name":"firestore"},"message":"Nov 29, 2022 1:04:36 PM io.gapi.emulators.netty.HttpVersionRoutingHandler channelRead\nINFO: Detected non-HTTP/2 connection.\n"}}
[debug] [2022-11-29T18:04:36.434Z] Nov 29, 2022 1:04:36 PM com.google.cloud.datastore.emulator.firestore.webchannel.FirestoreV1WebChannelAdapter$FirestoreWriteHandler onClose
INFO: channel closed
 {"metadata":{"emulator":{"name":"firestore"},"message":"Nov 29, 2022 1:04:36 PM com.google.cloud.datastore.emulator.firestore.webchannel.FirestoreV1WebChannelAdapter$FirestoreWriteHandler onClose\nINFO: channel closed\n"}}
[debug] [2022-11-29T18:05:36.464Z] Nov 29, 2022 1:05:36 PM io.gapi.emulators.netty.HttpVersionRoutingHandler channelRead
INFO: Detected non-HTTP/2 connection.
 {"metadata":{"emulator":{"name":"firestore"},"message":"Nov 29, 2022 1:05:36 PM io.gapi.emulators.netty.HttpVersionRoutingHandler channelRead\nINFO: Detected non-HTTP/2 connection.\n"}}
[debug] [2022-11-29T18:05:37.045Z] Nov 29, 2022 1:05:37 PM io.gapi.emulators.netty.HttpVersionRoutingHandler channelRead
INFO: Detected non-HTTP/2 connection.
 {"metadata":{"emulator":{"name":"firestore"},"message":"Nov 29, 2022 1:05:37 PM io.gapi.emulators.netty.HttpVersionRoutingHandler channelRead\nINFO: Detected non-HTTP/2 connection.\n"}}
[debug] [2022-11-29T18:05:37.052Z] Nov 29, 2022 1:05:37 PM com.google.cloud.datastore.emulator.firestore.webchannel.FirestoreV1WebChannelAdapter$FirestoreListenHandler onClose
INFO: channel closed
 {"metadata":{"emulator":{"name":"firestore"},"message":"Nov 29, 2022 1:05:37 PM com.google.cloud.datastore.emulator.firestore.webchannel.FirestoreV1WebChannelAdapter$FirestoreListenHandler onClose\nINFO: channel closed\n"}}
[debug] [2022-11-29T18:05:44.166Z] Nov 29, 2022 1:05:44 PM io.gapi.emulators.netty.HttpVersionRoutingHandler channelRead
INFO: Detected non-HTTP/2 connection.
 {"metadata":{"emulator":{"name":"firestore"},"message":"Nov 29, 2022 1:05:44 PM io.gapi.emulators.netty.HttpVersionRoutingHandler channelRead\nINFO: Detected non-HTTP/2 connection.\n"}}
[debug] [2022-11-29T18:05:44.176Z] Multiple projectIds are not recommended in single project mode. Requested project ID healthcare-staging-81e75, but the emulator is configured for healthcare-f57e8. This warning will become an error in the future. To opt-out of single project mode add/set the '"single_project_mode": false' property in the firebase.json emulators config.
 {"metadata":{"emulator":{"name":"firestore"},"message":"Multiple projectIds are not recommended in single project mode. Requested project ID healthcare-staging-81e75, but the emulator is configured for healthcare-f57e8. This warning will become an error in the future. To opt-out of single project mode add/set the '\"single_project_mode\": false' property in the firebase.json emulators config.\n"}}
[debug] [2022-11-29T18:05:44.243Z] Nov 29, 2022 1:05:44 PM io.gapi.emulators.netty.HttpVersionRoutingHandler channelRead
INFO: Detected non-HTTP/2 connection.
 {"metadata":{"emulator":{"name":"firestore"},"message":"Nov 29, 2022 1:05:44 PM io.gapi.emulators.netty.HttpVersionRoutingHandler channelRead\nINFO: Detected non-HTTP/2 connection.\n"}}
[debug] [2022-11-29T18:05:44.310Z] Nov 29, 2022 1:05:44 PM io.gapi.emulators.netty.HttpVersionRoutingHandler channelRead
INFO: Detected non-HTTP/2 connection.
 {"metadata":{"emulator":{"name":"firestore"},"message":"Nov 29, 2022 1:05:44 PM io.gapi.emulators.netty.HttpVersionRoutingHandler channelRead\nINFO: Detected non-HTTP/2 connection.\n"}}
[debug] [2022-11-29T18:05:44.334Z] Nov 29, 2022 1:05:44 PM io.gapi.emulators.netty.HttpVersionRoutingHandler channelRead
INFO: Detected non-HTTP/2 connection.
 {"metadata":{"emulator":{"name":"firestore"},"message":"Nov 29, 2022 1:05:44 PM io.gapi.emulators.netty.HttpVersionRoutingHandler channelRead\nINFO: Detected non-HTTP/2 connection.\n"}}
[debug] [2022-11-29T18:05:44.357Z] Nov 29, 2022 1:05:44 PM io.gapi.emulators.netty.HttpVersionRoutingHandler channelRead
INFO: Detected non-HTTP/2 connection.
 {"metadata":{"emulator":{"name":"firestore"},"message":"Nov 29, 2022 1:05:44 PM io.gapi.emulators.netty.HttpVersionRoutingHandler channelRead\nINFO: Detected non-HTTP/2 connection.\n"}}
[debug] [2022-11-29T18:05:44.360Z] Nov 29, 2022 1:05:44 PM io.gapi.emulators.netty.HttpVersionRoutingHandler channelRead
INFO: Detected non-HTTP/2 connection.
 {"metadata":{"emulator":{"name":"firestore"},"message":"Nov 29, 2022 1:05:44 PM io.gapi.emulators.netty.HttpVersionRoutingHandler channelRead\nINFO: Detected non-HTTP/2 connection.\n"}}
[debug] [2022-11-29T18:05:44.363Z] Nov 29, 2022 1:05:44 PM com.google.cloud.datastore.emulator.firestore.webchannel.FirestoreV1WebChannelAdapter$FirestoreListenHandler onClose
INFO: channel closed
 {"metadata":{"emulator":{"name":"firestore"},"message":"Nov 29, 2022 1:05:44 PM com.google.cloud.datastore.emulator.firestore.webchannel.FirestoreV1WebChannelAdapter$FirestoreListenHandler onClose\nINFO: channel closed\n"}}
[debug] [2022-11-29T18:05:44.369Z] Multiple projectIds are not recommended in single project mode. Requested project ID healthcare-staging-81e75, but the emulator is configured for healthcare-f57e8. This warning will become an error in the future. To opt-out of single project mode add/set the '"single_project_mode": false' property in the firebase.json emulators config.
 {"metadata":{"emulator":{"name":"firestore"},"message":"Multiple projectIds are not recommended in single project mode. Requested project ID healthcare-staging-81e75, but the emulator is configured for healthcare-f57e8. This warning will become an error in the future. To opt-out of single project mode add/set the '\"single_project_mode\": false' property in the firebase.json emulators config.\n"}}
[debug] [2022-11-29T18:05:44.390Z] Nov 29, 2022 1:05:44 PM io.gapi.emulators.netty.HttpVersionRoutingHandler channelRead
INFO: Detected non-HTTP/2 connection.
 {"metadata":{"emulator":{"name":"firestore"},"message":"Nov 29, 2022 1:05:44 PM io.gapi.emulators.netty.HttpVersionRoutingHandler channelRead\nINFO: Detected non-HTTP/2 connection.\n"}}
[debug] [2022-11-29T18:05:44.416Z] Nov 29, 2022 1:05:44 PM io.gapi.emulators.netty.HttpVersionRoutingHandler channelRead
INFO: Detected non-HTTP/2 connection.
 {"metadata":{"emulator":{"name":"firestore"},"message":"Nov 29, 2022 1:05:44 PM io.gapi.emulators.netty.HttpVersionRoutingHandler channelRead\nINFO: Detected non-HTTP/2 connection.\n"}}
[debug] [2022-11-29T18:05:45.866Z] Nov 29, 2022 1:05:45 PM io.gapi.emulators.netty.HttpVersionRoutingHandler channelRead
INFO: Detected non-HTTP/2 connection.
 {"metadata":{"emulator":{"name":"firestore"},"message":"Nov 29, 2022 1:05:45 PM io.gapi.emulators.netty.HttpVersionRoutingHandler channelRead\nINFO: Detected non-HTTP/2 connection.\n"}}
[debug] [2022-11-29T18:05:45.874Z] Nov 29, 2022 1:05:45 PM com.google.cloud.datastore.emulator.firestore.webchannel.FirestoreV1WebChannelAdapter$FirestoreListenHandler onClose
INFO: channel closed
 {"metadata":{"emulator":{"name":"firestore"},"message":"Nov 29, 2022 1:05:45 PM com.google.cloud.datastore.emulator.firestore.webchannel.FirestoreV1WebChannelAdapter$FirestoreListenHandler onClose\nINFO: channel closed\n"}}
[debug] [2022-11-29T18:11:03.267Z] Nov 29, 2022 1:11:03 PM io.gapi.emulators.netty.HttpVersionRoutingHandler channelRead
INFO: Detected non-HTTP/2 connection.
 {"metadata":{"emulator":{"name":"firestore"},"message":"Nov 29, 2022 1:11:03 PM io.gapi.emulators.netty.HttpVersionRoutingHandler channelRead\nINFO: Detected non-HTTP/2 connection.\n"}}
[debug] [2022-11-29T18:11:03.302Z] Multiple projectIds are not recommended in single project mode. Requested project ID healthcare-staging-81e75, but the emulator is configured for healthcare-f57e8. This warning will become an error in the future. To opt-out of single project mode add/set the '"single_project_mode": false' property in the firebase.json emulators config.
 {"metadata":{"emulator":{"name":"firestore"},"message":"Multiple projectIds are not recommended in single project mode. Requested project ID healthcare-staging-81e75, but the emulator is configured for healthcare-f57e8. This warning will become an error in the future. To opt-out of single project mode add/set the '\"single_project_mode\": false' property in the firebase.json emulators config.\n"}}
[debug] [2022-11-29T18:11:03.402Z] Nov 29, 2022 1:11:03 PM io.gapi.emulators.netty.HttpVersionRoutingHandler channelRead
INFO: Detected non-HTTP/2 connection.
 {"metadata":{"emulator":{"name":"firestore"},"message":"Nov 29, 2022 1:11:03 PM io.gapi.emulators.netty.HttpVersionRoutingHandler channelRead\nINFO: Detected non-HTTP/2 connection.\n"}}
[debug] [2022-11-29T18:11:03.425Z] Nov 29, 2022 1:11:03 PM io.gapi.emulators.netty.HttpVersionRoutingHandler channelRead
INFO: Detected non-HTTP/2 connection.
 {"metadata":{"emulator":{"name":"firestore"},"message":"Nov 29, 2022 1:11:03 PM io.gapi.emulators.netty.HttpVersionRoutingHandler channelRead\nINFO: Detected non-HTTP/2 connection.\n"}}
[debug] [2022-11-29T18:11:03.470Z] Nov 29, 2022 1:11:03 PM io.gapi.emulators.netty.HttpVersionRoutingHandler channelRead
INFO: Detected non-HTTP/2 connection.
 {"metadata":{"emulator":{"name":"firestore"},"message":"Nov 29, 2022 1:11:03 PM io.gapi.emulators.netty.HttpVersionRoutingHandler channelRead\nINFO: Detected non-HTTP/2 connection.\n"}}
[debug] [2022-11-29T18:11:03.531Z] Nov 29, 2022 1:11:03 PM io.gapi.emulators.netty.HttpVersionRoutingHandler channelRead
INFO: Detected non-HTTP/2 connection.
 {"metadata":{"emulator":{"name":"firestore"},"message":"Nov 29, 2022 1:11:03 PM io.gapi.emulators.netty.HttpVersionRoutingHandler channelRead\nINFO: Detected non-HTTP/2 connection.\n"}}
[debug] [2022-11-29T18:11:03.563Z] Nov 29, 2022 1:11:03 PM io.gapi.emulators.netty.HttpVersionRoutingHandler channelRead
INFO: Detected non-HTTP/2 connection.
 {"metadata":{"emulator":{"name":"firestore"},"message":"Nov 29, 2022 1:11:03 PM io.gapi.emulators.netty.HttpVersionRoutingHandler channelRead\nINFO: Detected non-HTTP/2 connection.\n"}}
[debug] [2022-11-29T18:11:05.433Z] Nov 29, 2022 1:11:05 PM io.gapi.emulators.netty.HttpVersionRoutingHandler channelRead
INFO: Detected non-HTTP/2 connection.
 {"metadata":{"emulator":{"name":"firestore"},"message":"Nov 29, 2022 1:11:05 PM io.gapi.emulators.netty.HttpVersionRoutingHandler channelRead\nINFO: Detected non-HTTP/2 connection.\n"}}
[debug] [2022-11-29T18:11:05.443Z] Nov 29, 2022 1:11:05 PM com.google.cloud.datastore.emulator.firestore.webchannel.FirestoreV1WebChannelAdapter$FirestoreListenHandler onClose
INFO: channel closed
 {"metadata":{"emulator":{"name":"firestore"},"message":"Nov 29, 2022 1:11:05 PM com.google.cloud.datastore.emulator.firestore.webchannel.FirestoreV1WebChannelAdapter$FirestoreListenHandler onClose\nINFO: channel closed\n"}}
[debug] [2022-11-29T18:12:39.201Z] Nov 29, 2022 1:12:39 PM io.gapi.emulators.netty.HttpVersionRoutingHandler channelRead
INFO: Detected non-HTTP/2 connection.
 {"metadata":{"emulator":{"name":"firestore"},"message":"Nov 29, 2022 1:12:39 PM io.gapi.emulators.netty.HttpVersionRoutingHandler channelRead\nINFO: Detected non-HTTP/2 connection.\n"}}
[debug] [2022-11-29T18:12:39.223Z] Multiple projectIds are not recommended in single project mode. Requested project ID healthcare-staging-81e75, but the emulator is configured for healthcare-f57e8. This warning will become an error in the future. To opt-out of single project mode add/set the '"single_project_mode": false' property in the firebase.json emulators config.
 {"metadata":{"emulator":{"name":"firestore"},"message":"Multiple projectIds are not recommended in single project mode. Requested project ID healthcare-staging-81e75, but the emulator is configured for healthcare-f57e8. This warning will become an error in the future. To opt-out of single project mode add/set the '\"single_project_mode\": false' property in the firebase.json emulators config.\n"}}
[debug] [2022-11-29T18:12:39.251Z] Nov 29, 2022 1:12:39 PM io.gapi.emulators.netty.HttpVersionRoutingHandler channelRead
INFO: Detected non-HTTP/2 connection.
 {"metadata":{"emulator":{"name":"firestore"},"message":"Nov 29, 2022 1:12:39 PM io.gapi.emulators.netty.HttpVersionRoutingHandler channelRead\nINFO: Detected non-HTTP/2 connection.\n"}}
[debug] [2022-11-29T18:12:39.274Z] Nov 29, 2022 1:12:39 PM io.gapi.emulators.netty.HttpVersionRoutingHandler channelRead
INFO: Detected non-HTTP/2 connection.
 {"metadata":{"emulator":{"name":"firestore"},"message":"Nov 29, 2022 1:12:39 PM io.gapi.emulators.netty.HttpVersionRoutingHandler channelRead\nINFO: Detected non-HTTP/2 connection.\n"}}
[debug] [2022-11-29T18:12:39.322Z] Nov 29, 2022 1:12:39 PM io.gapi.emulators.netty.HttpVersionRoutingHandler channelRead
INFO: Detected non-HTTP/2 connection.
 {"metadata":{"emulator":{"name":"firestore"},"message":"Nov 29, 2022 1:12:39 PM io.gapi.emulators.netty.HttpVersionRoutingHandler channelRead\nINFO: Detected non-HTTP/2 connection.\n"}}
[debug] [2022-11-29T18:12:39.368Z] Nov 29, 2022 1:12:39 PM io.gapi.emulators.netty.HttpVersionRoutingHandler channelRead
INFO: Detected non-HTTP/2 connection.
 {"metadata":{"emulator":{"name":"firestore"},"message":"Nov 29, 2022 1:12:39 PM io.gapi.emulators.netty.HttpVersionRoutingHandler channelRead\nINFO: Detected non-HTTP/2 connection.\n"}}
[debug] [2022-11-29T18:12:40.290Z] Nov 29, 2022 1:12:40 PM io.gapi.emulators.netty.HttpVersionRoutingHandler channelRead
INFO: Detected non-HTTP/2 connection.
 {"metadata":{"emulator":{"name":"firestore"},"message":"Nov 29, 2022 1:12:40 PM io.gapi.emulators.netty.HttpVersionRoutingHandler channelRead\nINFO: Detected non-HTTP/2 connection.\n"}}
[debug] [2022-11-29T18:12:40.306Z] Nov 29, 2022 1:12:40 PM com.google.cloud.datastore.emulator.firestore.webchannel.FirestoreV1WebChannelAdapter$FirestoreListenHandler onClose
INFO: channel closed
 {"metadata":{"emulator":{"name":"firestore"},"message":"Nov 29, 2022 1:12:40 PM com.google.cloud.datastore.emulator.firestore.webchannel.FirestoreV1WebChannelAdapter$FirestoreListenHandler onClose\nINFO: channel closed\n"}}
